{"uuid":"166003b1-f6e1-4c0e-9409-522386ba98dd","name":"autotests","start":1506408069929,"stop":1506408077989,"children":["49b807a3-4140-4cd5-b5c6-3088a78aca8f","0ad11d9c-3080-4dde-bc4b-86d1a4c000f1","e14dafb5-264d-4698-ba30-948713576fdc","98c76ad4-a9a0-4551-a379-5846bed90be9","1b8f98c9-1053-4be7-bfe4-44e2f504a074","6e78e113-78d3-4acc-b955-65c7064d9542","9e10a109-5e1f-44ad-8e60-d25ac182c34f","9ab2c6a2-f6e6-4af8-a730-890b3ead8485","cbb1b844-68a6-4abe-899a-4b30babe86fa","c2f2dab2-3d4f-4121-91c3-d8e5d4750fa9","1bbd0dfd-573b-42d9-89f1-b8de60d07de5","354d829a-ebdc-4b86-907f-b4fc16c97603","f0786fce-e0a7-4f59-a02a-90dff12b839a","04f625a4-9b61-47c9-9956-15295c45c864","c7f0a9f5-811f-4fd4-b5d8-d1307566975f"],"befores":[{"name":"setUp","status":"broken","statusDetails":{"known":false,"muted":false,"flaky":false,"message":"An unknown server-side error occurred while processing the command. Original error: Error executing adbExec. Original error: 'Command '/usr/local/bin/adb -P 5037 -s 192.168.56.101\\:5555 shell pm install -r /data/local/tmp/ae2f57c4cb2807a0c989752118a99bea.apk' exited with code 1'; Stderr: 'Failure [INSTALL_FAILED_TEST_ONLY: installPackageLI]'; Code: '1' (WARNING: The server did not provide any stacktrace information)\nCommand duration or timeout: 6.99 seconds\nBuild info: version: '3.5.3', revision: 'a88d25fe6b', time: '2017-08-29T12:42:44.417Z'\nSystem info: host: 'MBP-Volodymyr.wifi.uaprom', ip: '192.168.32.119', os.name: 'Mac OS X', os.arch: 'x86_64', os.version: '10.12.6', java.version: '1.8.0_144'\nDriver info: driver.version: AndroidDriver","trace":"org.openqa.selenium.WebDriverException: An unknown server-side error occurred while processing the command. Original error: Error executing adbExec. Original error: 'Command '/usr/local/bin/adb -P 5037 -s 192.168.56.101\\:5555 shell pm install -r /data/local/tmp/ae2f57c4cb2807a0c989752118a99bea.apk' exited with code 1'; Stderr: 'Failure [INSTALL_FAILED_TEST_ONLY: installPackageLI]'; Code: '1' (WARNING: The server did not provide any stacktrace information)\nCommand duration or timeout: 6.99 seconds\nBuild info: version: '3.5.3', revision: 'a88d25fe6b', time: '2017-08-29T12:42:44.417Z'\nSystem info: host: 'MBP-Volodymyr.wifi.uaprom', ip: '192.168.32.119', os.name: 'Mac OS X', os.arch: 'x86_64', os.version: '10.12.6', java.version: '1.8.0_144'\nDriver info: driver.version: AndroidDriver\n\tat sun.reflect.NativeConstructorAccessorImpl.newInstance0(Native Method)\n\tat sun.reflect.NativeConstructorAccessorImpl.newInstance(NativeConstructorAccessorImpl.java:62)\n\tat sun.reflect.DelegatingConstructorAccessorImpl.newInstance(DelegatingConstructorAccessorImpl.java:45)\n\tat java.lang.reflect.Constructor.newInstance(Constructor.java:423)\n\tat org.openqa.selenium.remote.ErrorHandler.createThrowable(ErrorHandler.java:215)\n\tat org.openqa.selenium.remote.ErrorHandler.throwIfResponseFailed(ErrorHandler.java:167)\n\tat org.openqa.selenium.remote.JsonWireProtocolResponse.lambda$new$0(JsonWireProtocolResponse.java:53)\n\tat org.openqa.selenium.remote.JsonWireProtocolResponse.lambda$getResponseFunction$2(JsonWireProtocolResponse.java:91)\n\tat org.openqa.selenium.remote.ProtocolHandshake.lambda$createSession$24(ProtocolHandshake.java:359)\n\tat java.util.stream.ReferencePipeline$3$1.accept(ReferencePipeline.java:193)\n\tat java.util.Spliterators$ArraySpliterator.tryAdvance(Spliterators.java:958)\n\tat java.util.stream.ReferencePipeline.forEachWithCancel(ReferencePipeline.java:126)\n\tat java.util.stream.AbstractPipeline.copyIntoWithCancel(AbstractPipeline.java:498)\n\tat java.util.stream.AbstractPipeline.copyInto(AbstractPipeline.java:485)\n\tat java.util.stream.AbstractPipeline.wrapAndCopyInto(AbstractPipeline.java:471)\n\tat java.util.stream.FindOps$FindOp.evaluateSequential(FindOps.java:152)\n\tat java.util.stream.AbstractPipeline.evaluate(AbstractPipeline.java:234)\n\tat java.util.stream.ReferencePipeline.findFirst(ReferencePipeline.java:464)\n\tat org.openqa.selenium.remote.ProtocolHandshake.createSession(ProtocolHandshake.java:362)\n\tat org.openqa.selenium.remote.ProtocolHandshake.createSession(ProtocolHandshake.java:136)\n\tat org.openqa.selenium.remote.HttpCommandExecutor.execute(HttpCommandExecutor.java:142)\n\tat io.appium.java_client.remote.AppiumCommandExecutor.execute(AppiumCommandExecutor.java:89)\n\tat org.openqa.selenium.remote.RemoteWebDriver.execute(RemoteWebDriver.java:646)\n\tat io.appium.java_client.DefaultGenericMobileDriver.execute(DefaultGenericMobileDriver.java:42)\n\tat io.appium.java_client.AppiumDriver.execute(AppiumDriver.java:1)\n\tat io.appium.java_client.android.AndroidDriver.execute(AndroidDriver.java:1)\n\tat org.openqa.selenium.remote.RemoteWebDriver.startSession(RemoteWebDriver.java:255)\n\tat org.openqa.selenium.remote.RemoteWebDriver.startSession(RemoteWebDriver.java:237)\n\tat org.openqa.selenium.remote.RemoteWebDriver.<init>(RemoteWebDriver.java:138)\n\tat io.appium.java_client.DefaultGenericMobileDriver.<init>(DefaultGenericMobileDriver.java:38)\n\tat io.appium.java_client.AppiumDriver.<init>(AppiumDriver.java:87)\n\tat io.appium.java_client.AppiumDriver.<init>(AppiumDriver.java:111)\n\tat io.appium.java_client.android.AndroidDriver.<init>(AndroidDriver.java:72)\n\tat BaseTest.setUp(BaseTest.java:31)\n\tat sun.reflect.NativeMethodAccessorImpl.invoke0(Native Method)\n\tat sun.reflect.NativeMethodAccessorImpl.invoke(NativeMethodAccessorImpl.java:62)\n\tat sun.reflect.DelegatingMethodAccessorImpl.invoke(DelegatingMethodAccessorImpl.java:43)\n\tat java.lang.reflect.Method.invoke(Method.java:498)\n\tat org.testng.internal.MethodInvocationHelper.invokeMethod(MethodInvocationHelper.java:108)\n\tat org.testng.internal.Invoker.invokeConfigurationMethod(Invoker.java:523)\n\tat org.testng.internal.Invoker.invokeConfigurations(Invoker.java:224)\n\tat org.testng.internal.Invoker.invokeConfigurations(Invoker.java:146)\n\tat org.testng.TestRunner.beforeRun(TestRunner.java:626)\n\tat org.testng.TestRunner.run(TestRunner.java:594)\n\tat org.testng.SuiteRunner.runTest(SuiteRunner.java:380)\n\tat org.testng.SuiteRunner.runSequentially(SuiteRunner.java:375)\n\tat org.testng.SuiteRunner.privateRun(SuiteRunner.java:340)\n\tat org.testng.SuiteRunner.run(SuiteRunner.java:289)\n\tat org.testng.SuiteRunnerWorker.runSuite(SuiteRunnerWorker.java:52)\n\tat org.testng.SuiteRunnerWorker.run(SuiteRunnerWorker.java:86)\n\tat org.testng.TestNG.runSuitesSequentially(TestNG.java:1301)\n\tat org.testng.TestNG.runSuitesLocally(TestNG.java:1226)\n\tat org.testng.TestNG.runSuites(TestNG.java:1144)\n\tat org.testng.TestNG.run(TestNG.java:1115)\n\tat org.testng.IDEARemoteTestNG.run(IDEARemoteTestNG.java:72)\n\tat org.testng.RemoteTestNGStarter.main(RemoteTestNGStarter.java:123)\n"},"stage":"finished","description":"","start":1506408069940,"stop":1506408077616}]}